\BOOKMARK [0][-]{chapter.1}{\376\377\000T\000h\000e\000\040\000S\000y\000s\000t\000e\000m}{}% 1
\BOOKMARK [1][-]{section.1.1}{\376\377\000F\000u\000z\000z\000y\000\040\000D\000a\000r\000k\000\040\000M\000a\000t\000t\000e\000r\000\040\000\050\000F\000D\000M\000\051}{chapter.1}% 2
\BOOKMARK [1][-]{section.1.2}{\376\377\000P\000a\000r\000t\000i\000c\000l\000e\000s}{chapter.1}% 3
\BOOKMARK [1][-]{section.1.3}{\376\377\000T\000o\000g\000e\000t\000h\000e\000r}{chapter.1}% 4
\BOOKMARK [0][-]{chapter.2}{\376\377\0001\000D\000\040\000N\000u\000m\000e\000r\000i\000c\000a\000l\000\040\000S\000c\000h\000e\000m\000e\000s}{}% 5
\BOOKMARK [1][-]{section.2.1}{\376\377\000I\000n\000i\000t\000i\000a\000l\000\040\000S\000e\000t\000u\000p}{chapter.2}% 6
\BOOKMARK [2][-]{subsection.2.1.1}{\376\377\000I\000n\000i\000t\000i\000a\000l\000\040\000C\000o\000n\000d\000i\000t\000i\000o\000n\000s}{section.2.1}% 7
\BOOKMARK [1][-]{section.2.2}{\376\377\000C\000a\000l\000c\000u\000l\000a\000t\000i\000n\000g\000\040\000D\000e\000n\000s\000i\000t\000y}{chapter.2}% 8
\BOOKMARK [2][-]{subsection.2.2.1}{\376\377\000P\000o\000i\000s\000s\000o\000n\000'\000s\000\040\000E\000q\000u\000a\000t\000i\000o\000n\000\040\000f\000o\000r\000\040\000P\000a\000r\000t\000i\000c\000l\000e\000s}{section.2.2}% 9
\BOOKMARK [1][-]{section.2.3}{\376\377\000C\000a\000l\000c\000u\000l\000a\000t\000i\000n\000g\000\040\000P\000o\000t\000e\000n\000t\000i\000a\000l}{chapter.2}% 10
\BOOKMARK [1][-]{section.2.4}{\376\377\000P\000h\000a\000s\000e\000\040\000S\000p\000a\000c\000e\000\040\000D\000i\000s\000t\000r\000i\000b\000u\000t\000i\000o\000n\000s}{chapter.2}% 11
\BOOKMARK [2][-]{subsection.2.4.1}{\376\377\000C\000h\000o\000o\000s\000i\000n\000g\000\040\000t\000h\000e\000\040\000r\000e\000s\000o\000l\000u\000t\000i\000o\000n\000\040}{section.2.4}% 12
\BOOKMARK [1][-]{section.2.5}{\376\377\000T\000i\000m\000e\000\040\000E\000v\000o\000l\000u\000t\000i\000o\000n}{chapter.2}% 13
\BOOKMARK [2][-]{subsection.2.5.1}{\376\377\000F\000D\000M}{section.2.5}% 14
\BOOKMARK [2][-]{subsection.2.5.2}{\376\377\000P\000a\000r\000t\000i\000c\000l\000e\000s}{section.2.5}% 15
\BOOKMARK [0][-]{chapter.3}{\376\377\000S\000i\000m\000u\000l\000a\000t\000i\000o\000n\000s}{}% 16
\BOOKMARK [1][-]{section.3.1}{\376\377\000I\000n\000p\000u\000t\000s}{chapter.3}% 17
\BOOKMARK [2][-]{subsection.3.1.1}{\376\377\000O\000p\000t\000i\000o\000n\000a\000l\000\040\000I\000n\000p\000u\000t\000s}{section.3.1}% 18
\BOOKMARK [1][-]{section.3.2}{\376\377\000O\000u\000t\000p\000u\000t\000s}{chapter.3}% 19
\BOOKMARK [0][-]{chapter.4}{\376\377\000A\000n\000a\000l\000y\000s\000i\000s\000\040\000+\000\040\000D\000i\000a\000g\000n\000o\000s\000t\000i\000c\000s}{}% 20
\BOOKMARK [1][-]{section.4.1}{\376\377\000R\000u\000n\000n\000i\000n\000g\000\040\000p\000u\000r\000e\000l\000y\000\040\000N\000-\000B\000o\000d\000y}{chapter.4}% 21
\BOOKMARK [2][-]{subsection.4.1.1}{\376\377\000E\000n\000e\000r\000g\000i\000e\000s}{section.4.1}% 22
\BOOKMARK [2][-]{subsection.4.1.2}{\376\377\000C\000h\000e\000c\000k\000i\000n\000g\000\040\000t\000h\000e\000\040\000V\000i\000r\000i\000a\000l\000\040\000T\000h\000e\000o\000r\000e\000m}{section.4.1}% 23
\BOOKMARK [2][-]{subsection.4.1.3}{\376\377\000C\000e\000n\000t\000r\000o\000i\000d\000\040\000D\000r\000i\000f\000t\000i\000n\000g}{section.4.1}% 24
\BOOKMARK [2][-]{subsection.4.1.4}{\376\377\000V\000i\000r\000i\000a\000l\000i\000z\000e\000d\000\040\000D\000e\000n\000s\000i\000t\000y\000\040\000P\000r\000o\000f\000i\000l\000e}{section.4.1}% 25
\BOOKMARK [2][-]{subsection.4.1.5}{\376\377\000V\000i\000r\000i\000a\000l\000i\000z\000e\000d\000\040\000V\000e\000l\000o\000c\000i\000t\000y\000\040\000P\000r\000o\000f\000i\000l\000e}{section.4.1}% 26
\BOOKMARK [2][-]{subsection.4.1.6}{\376\377\000C\000o\000n\000v\000e\000r\000g\000e\000n\000c\000e\000\040\000o\000f\000\040\000z\000r\000m\000s\000\040\000a\000n\000d\000\040\000v\000r\000m\000s}{section.4.1}% 27
\BOOKMARK [1][-]{section.4.2}{\376\377\000R\000u\000n\000n\000i\000n\000g\000\040\000p\000u\000r\000e\000l\000y\000\040\000F\000D\000M}{chapter.4}% 28
\BOOKMARK [1][-]{section.4.3}{\376\377\000R\000u\000n\000n\000i\000n\000g\000\040\000T\000o\000g\000e\000t\000h\000e\000r}{chapter.4}% 29
\BOOKMARK [0][-]{appendix.A}{\376\377\000G\000r\000a\000v\000i\000t\000y\000\040\000i\000n\000\040\0001\000D}{}% 30
\BOOKMARK [1][-]{section.A.1}{\376\377\000S\000p\000i\000t\000z\000e\000r\000\040\000D\000i\000s\000t\000r\000i\000b\000u\000t\000i\000o\000n}{appendix.A}% 31
\BOOKMARK [1][-]{section.A.2}{\376\377\0001\000D\000\040\000V\000i\000r\000i\000a\000l\000\040\000T\000h\000e\000o\000r\000e\000m}{appendix.A}% 32
\BOOKMARK [0][-]{appendix.B}{\376\377\000K\000i\000c\000k\000-\000D\000r\000i\000f\000t\000-\000K\000i\000c\000k\000\040\000i\000s\000\040\000S\000y\000m\000p\000l\000e\000c\000t\000i\000c}{}% 33
